[2024-07-13 22:02:02,509] INFO [ControllerEventThread controllerId=0] Starting (kafka.controller.ControllerEventManager$ControllerEventThread)
[2024-07-13 22:02:02,667] INFO [Controller id=0] 0 successfully elected as the controller. Epoch incremented to 1 and epoch zk version is now 1 (kafka.controller.KafkaController)
[2024-07-13 22:02:02,692] INFO [Controller id=0] Creating FeatureZNode at path: /feature with contents: FeatureZNode(Enabled,Features{}) (kafka.controller.KafkaController)
[2024-07-13 22:02:02,889] INFO [Controller id=0] Registering handlers (kafka.controller.KafkaController)
[2024-07-13 22:02:02,911] INFO [Controller id=0] Deleting log dir event notifications (kafka.controller.KafkaController)
[2024-07-13 22:02:02,923] INFO [Controller id=0] Deleting isr change notifications (kafka.controller.KafkaController)
[2024-07-13 22:02:02,936] INFO [Controller id=0] Initializing controller context (kafka.controller.KafkaController)
[2024-07-13 22:02:03,001] INFO [Controller id=0] Initialized broker epochs cache: HashMap(0 -> 27) (kafka.controller.KafkaController)
[2024-07-13 22:02:03,033] DEBUG [Controller id=0] Register BrokerModifications handler for Set(0) (kafka.controller.KafkaController)
[2024-07-13 22:02:03,059] DEBUG [Channel manager on controller 0]: Controller 0 trying to connect to broker 0 (kafka.controller.ControllerChannelManager)
[2024-07-13 22:02:03,149] INFO [Controller id=0] Currently active brokers in the cluster: Set(0) (kafka.controller.KafkaController)
[2024-07-13 22:02:03,151] INFO [Controller id=0] Currently shutting brokers in the cluster: HashSet() (kafka.controller.KafkaController)
[2024-07-13 22:02:03,156] INFO [Controller id=0] Current list of topics in the cluster: HashSet() (kafka.controller.KafkaController)
[2024-07-13 22:02:03,160] INFO [Controller id=0] Fetching topic deletions in progress (kafka.controller.KafkaController)
[2024-07-13 22:02:03,156] INFO [RequestSendThread controllerId=0] Starting (kafka.controller.RequestSendThread)
[2024-07-13 22:02:03,173] INFO [Controller id=0] List of topics to be deleted:  (kafka.controller.KafkaController)
[2024-07-13 22:02:03,174] INFO [Controller id=0] List of topics ineligible for deletion:  (kafka.controller.KafkaController)
[2024-07-13 22:02:03,175] INFO [Controller id=0] Initializing topic deletion manager (kafka.controller.KafkaController)
[2024-07-13 22:02:03,177] INFO [Topic Deletion Manager 0] Initializing manager with initial deletions: Set(), initial ineligible deletions: HashSet() (kafka.controller.TopicDeletionManager)
[2024-07-13 22:02:03,181] INFO [Controller id=0] Sending update metadata request (kafka.controller.KafkaController)
[2024-07-13 22:02:03,242] INFO [ReplicaStateMachine controllerId=0] Initializing replica state (kafka.controller.ZkReplicaStateMachine)
[2024-07-13 22:02:03,250] INFO [ReplicaStateMachine controllerId=0] Triggering online replica state changes (kafka.controller.ZkReplicaStateMachine)
[2024-07-13 22:02:03,267] INFO [ReplicaStateMachine controllerId=0] Triggering offline replica state changes (kafka.controller.ZkReplicaStateMachine)
[2024-07-13 22:02:03,270] DEBUG [ReplicaStateMachine controllerId=0] Started replica state machine with initial state -> HashMap() (kafka.controller.ZkReplicaStateMachine)
[2024-07-13 22:02:03,272] INFO [PartitionStateMachine controllerId=0] Initializing partition state (kafka.controller.ZkPartitionStateMachine)
[2024-07-13 22:02:03,274] INFO [PartitionStateMachine controllerId=0] Triggering online partition state changes (kafka.controller.ZkPartitionStateMachine)
[2024-07-13 22:02:03,281] INFO [RequestSendThread controllerId=0] Controller 0 connected to localhost:9092 (id: 0 rack: null) for sending state change requests (kafka.controller.RequestSendThread)
[2024-07-13 22:02:03,286] DEBUG [PartitionStateMachine controllerId=0] Started partition state machine with initial state -> HashMap() (kafka.controller.ZkPartitionStateMachine)
[2024-07-13 22:02:03,288] INFO [Controller id=0] Ready to serve as the new controller with epoch 1 (kafka.controller.KafkaController)
[2024-07-13 22:02:03,316] INFO [Controller id=0] Partitions undergoing preferred replica election:  (kafka.controller.KafkaController)
[2024-07-13 22:02:03,318] INFO [Controller id=0] Partitions that completed preferred replica election:  (kafka.controller.KafkaController)
[2024-07-13 22:02:03,319] INFO [Controller id=0] Skipping preferred replica election for partitions due to topic deletion:  (kafka.controller.KafkaController)
[2024-07-13 22:02:03,321] INFO [Controller id=0] Resuming preferred replica election for partitions:  (kafka.controller.KafkaController)
[2024-07-13 22:02:03,335] INFO [Controller id=0] Starting replica leader election (PREFERRED) for partitions  triggered by ZkTriggered (kafka.controller.KafkaController)
[2024-07-13 22:02:03,460] INFO [Controller id=0] Starting the controller scheduler (kafka.controller.KafkaController)
[2024-07-13 22:02:08,471] INFO [Controller id=0] Processing automatic preferred replica leader election (kafka.controller.KafkaController)
[2024-07-13 22:02:08,472] TRACE [Controller id=0] Checking need to trigger auto leader balancing (kafka.controller.KafkaController)
[2024-07-13 22:07:08,479] INFO [Controller id=0] Processing automatic preferred replica leader election (kafka.controller.KafkaController)
[2024-07-13 22:07:08,480] TRACE [Controller id=0] Checking need to trigger auto leader balancing (kafka.controller.KafkaController)
[2024-07-13 22:07:36,111] INFO [Controller id=0] Newly added brokers: 1, deleted brokers: , bounced brokers: , all live brokers: 0,1 (kafka.controller.KafkaController)
[2024-07-13 22:07:36,114] DEBUG [Channel manager on controller 0]: Controller 0 trying to connect to broker 1 (kafka.controller.ControllerChannelManager)
[2024-07-13 22:07:36,136] INFO [RequestSendThread controllerId=0] Starting (kafka.controller.RequestSendThread)
[2024-07-13 22:07:36,140] INFO [Controller id=0] New broker startup callback for 1 (kafka.controller.KafkaController)
[2024-07-13 22:07:36,159] INFO [RequestSendThread controllerId=0] Controller 0 connected to localhost:9093 (id: 1 rack: null) for sending state change requests (kafka.controller.RequestSendThread)
[2024-07-13 22:07:36,164] DEBUG [Controller id=0] Register BrokerModifications handler for List(1) (kafka.controller.KafkaController)
[2024-07-13 22:07:36,168] INFO [Controller id=0] Updated broker epochs cache: HashMap(0 -> 27, 1 -> 48) (kafka.controller.KafkaController)
[2024-07-13 22:07:36,467] INFO [ControllerEventThread controllerId=1] Starting (kafka.controller.ControllerEventManager$ControllerEventThread)
[2024-07-13 22:07:36,504] DEBUG [Controller id=1] Broker 0 has been elected as the controller, so stopping the election process. (kafka.controller.KafkaController)
[2024-07-13 22:09:51,316] INFO [Controller id=0] Newly added brokers: 2, deleted brokers: , bounced brokers: , all live brokers: 0,1,2 (kafka.controller.KafkaController)
[2024-07-13 22:09:51,318] DEBUG [Channel manager on controller 0]: Controller 0 trying to connect to broker 2 (kafka.controller.ControllerChannelManager)
[2024-07-13 22:09:51,333] INFO [Controller id=0] New broker startup callback for 2 (kafka.controller.KafkaController)
[2024-07-13 22:09:51,337] DEBUG [Controller id=0] Register BrokerModifications handler for List(2) (kafka.controller.KafkaController)
[2024-07-13 22:09:51,344] INFO [RequestSendThread controllerId=0] Starting (kafka.controller.RequestSendThread)
[2024-07-13 22:09:51,347] INFO [RequestSendThread controllerId=0] Controller 0 connected to localhost:9094 (id: 2 rack: null) for sending state change requests (kafka.controller.RequestSendThread)
[2024-07-13 22:09:51,360] INFO [Controller id=0] Updated broker epochs cache: HashMap(0 -> 27, 1 -> 48, 2 -> 81) (kafka.controller.KafkaController)
[2024-07-13 22:09:51,654] INFO [ControllerEventThread controllerId=2] Starting (kafka.controller.ControllerEventManager$ControllerEventThread)
[2024-07-13 22:09:51,690] DEBUG [Controller id=2] Broker 0 has been elected as the controller, so stopping the election process. (kafka.controller.KafkaController)
[2024-07-13 22:12:08,481] INFO [Controller id=0] Processing automatic preferred replica leader election (kafka.controller.KafkaController)
[2024-07-13 22:12:08,482] TRACE [Controller id=0] Checking need to trigger auto leader balancing (kafka.controller.KafkaController)
[2024-07-13 22:17:08,483] INFO [Controller id=0] Processing automatic preferred replica leader election (kafka.controller.KafkaController)
[2024-07-13 22:17:08,484] TRACE [Controller id=0] Checking need to trigger auto leader balancing (kafka.controller.KafkaController)
