[2024-07-13 23:32:40,317] INFO [ReplicaFetcherManager on broker 2] Removed fetcher for partitions HashSet(__consumer_offsets-30, __consumer_offsets-21, __consumer_offsets-33, __consumer_offsets-36, __consumer_offsets-48, __consumer_offsets-6, __consumer_offsets-0, __consumer_offsets-45, __consumer_offsets-27, __consumer_offsets-9, __consumer_offsets-42, __consumer_offsets-3, __consumer_offsets-18, __consumer_offsets-15, __consumer_offsets-24, __consumer_offsets-39, __consumer_offsets-12) (kafka.server.ReplicaFetcherManager)
[2024-07-13 23:32:40,370] INFO [Log partition=__consumer_offsets-3, dir=/home/ruhul/real_time_etl/data/broker-2] Loading producer state till offset 0 with message format version 2 (kafka.log.Log)
[2024-07-13 23:32:40,377] INFO Created log for partition __consumer_offsets-3 in /home/ruhul/real_time_etl/data/broker-2/__consumer_offsets-3 with properties {cleanup.policy=compact, compression.type="producer", segment.bytes=104857600} (kafka.log.LogManager)
[2024-07-13 23:32:40,379] INFO [Partition __consumer_offsets-3 broker=2] No checkpointed highwatermark is found for partition __consumer_offsets-3 (kafka.cluster.Partition)
[2024-07-13 23:32:40,382] INFO [Partition __consumer_offsets-3 broker=2] Log loaded for partition __consumer_offsets-3 with initial high watermark 0 (kafka.cluster.Partition)
[2024-07-13 23:32:40,579] INFO [Log partition=__consumer_offsets-18, dir=/home/ruhul/real_time_etl/data/broker-2] Loading producer state till offset 0 with message format version 2 (kafka.log.Log)
[2024-07-13 23:32:40,584] INFO Created log for partition __consumer_offsets-18 in /home/ruhul/real_time_etl/data/broker-2/__consumer_offsets-18 with properties {cleanup.policy=compact, compression.type="producer", segment.bytes=104857600} (kafka.log.LogManager)
[2024-07-13 23:32:40,584] INFO [Partition __consumer_offsets-18 broker=2] No checkpointed highwatermark is found for partition __consumer_offsets-18 (kafka.cluster.Partition)
[2024-07-13 23:32:40,585] INFO [Partition __consumer_offsets-18 broker=2] Log loaded for partition __consumer_offsets-18 with initial high watermark 0 (kafka.cluster.Partition)
[2024-07-13 23:32:41,022] INFO [Log partition=__consumer_offsets-39, dir=/home/ruhul/real_time_etl/data/broker-2] Loading producer state till offset 0 with message format version 2 (kafka.log.Log)
[2024-07-13 23:32:41,026] INFO Created log for partition __consumer_offsets-39 in /home/ruhul/real_time_etl/data/broker-2/__consumer_offsets-39 with properties {cleanup.policy=compact, compression.type="producer", segment.bytes=104857600} (kafka.log.LogManager)
[2024-07-13 23:32:41,027] INFO [Partition __consumer_offsets-39 broker=2] No checkpointed highwatermark is found for partition __consumer_offsets-39 (kafka.cluster.Partition)
[2024-07-13 23:32:41,028] INFO [Partition __consumer_offsets-39 broker=2] Log loaded for partition __consumer_offsets-39 with initial high watermark 0 (kafka.cluster.Partition)
[2024-07-13 23:32:41,290] INFO [Log partition=__consumer_offsets-9, dir=/home/ruhul/real_time_etl/data/broker-2] Loading producer state till offset 0 with message format version 2 (kafka.log.Log)
[2024-07-13 23:32:41,293] INFO Created log for partition __consumer_offsets-9 in /home/ruhul/real_time_etl/data/broker-2/__consumer_offsets-9 with properties {cleanup.policy=compact, compression.type="producer", segment.bytes=104857600} (kafka.log.LogManager)
[2024-07-13 23:32:41,294] INFO [Partition __consumer_offsets-9 broker=2] No checkpointed highwatermark is found for partition __consumer_offsets-9 (kafka.cluster.Partition)
[2024-07-13 23:32:41,294] INFO [Partition __consumer_offsets-9 broker=2] Log loaded for partition __consumer_offsets-9 with initial high watermark 0 (kafka.cluster.Partition)
[2024-07-13 23:32:41,558] INFO [Log partition=__consumer_offsets-24, dir=/home/ruhul/real_time_etl/data/broker-2] Loading producer state till offset 0 with message format version 2 (kafka.log.Log)
[2024-07-13 23:32:41,575] INFO Created log for partition __consumer_offsets-24 in /home/ruhul/real_time_etl/data/broker-2/__consumer_offsets-24 with properties {cleanup.policy=compact, compression.type="producer", segment.bytes=104857600} (kafka.log.LogManager)
[2024-07-13 23:32:41,575] INFO [Partition __consumer_offsets-24 broker=2] No checkpointed highwatermark is found for partition __consumer_offsets-24 (kafka.cluster.Partition)
[2024-07-13 23:32:41,575] INFO [Partition __consumer_offsets-24 broker=2] Log loaded for partition __consumer_offsets-24 with initial high watermark 0 (kafka.cluster.Partition)
[2024-07-13 23:32:41,814] INFO [Log partition=__consumer_offsets-27, dir=/home/ruhul/real_time_etl/data/broker-2] Loading producer state till offset 0 with message format version 2 (kafka.log.Log)
[2024-07-13 23:32:41,816] INFO Created log for partition __consumer_offsets-27 in /home/ruhul/real_time_etl/data/broker-2/__consumer_offsets-27 with properties {cleanup.policy=compact, compression.type="producer", segment.bytes=104857600} (kafka.log.LogManager)
[2024-07-13 23:32:41,817] INFO [Partition __consumer_offsets-27 broker=2] No checkpointed highwatermark is found for partition __consumer_offsets-27 (kafka.cluster.Partition)
[2024-07-13 23:32:41,817] INFO [Partition __consumer_offsets-27 broker=2] Log loaded for partition __consumer_offsets-27 with initial high watermark 0 (kafka.cluster.Partition)
[2024-07-13 23:32:42,224] INFO [Log partition=__consumer_offsets-42, dir=/home/ruhul/real_time_etl/data/broker-2] Loading producer state till offset 0 with message format version 2 (kafka.log.Log)
[2024-07-13 23:32:42,227] INFO Created log for partition __consumer_offsets-42 in /home/ruhul/real_time_etl/data/broker-2/__consumer_offsets-42 with properties {cleanup.policy=compact, compression.type="producer", segment.bytes=104857600} (kafka.log.LogManager)
[2024-07-13 23:32:42,233] INFO [Partition __consumer_offsets-42 broker=2] No checkpointed highwatermark is found for partition __consumer_offsets-42 (kafka.cluster.Partition)
[2024-07-13 23:32:42,240] INFO [Partition __consumer_offsets-42 broker=2] Log loaded for partition __consumer_offsets-42 with initial high watermark 0 (kafka.cluster.Partition)
[2024-07-13 23:32:42,560] INFO [Log partition=__consumer_offsets-12, dir=/home/ruhul/real_time_etl/data/broker-2] Loading producer state till offset 0 with message format version 2 (kafka.log.Log)
[2024-07-13 23:32:42,576] INFO Created log for partition __consumer_offsets-12 in /home/ruhul/real_time_etl/data/broker-2/__consumer_offsets-12 with properties {cleanup.policy=compact, compression.type="producer", segment.bytes=104857600} (kafka.log.LogManager)
[2024-07-13 23:32:42,576] INFO [Partition __consumer_offsets-12 broker=2] No checkpointed highwatermark is found for partition __consumer_offsets-12 (kafka.cluster.Partition)
[2024-07-13 23:32:42,577] INFO [Partition __consumer_offsets-12 broker=2] Log loaded for partition __consumer_offsets-12 with initial high watermark 0 (kafka.cluster.Partition)
[2024-07-13 23:32:42,817] INFO [Log partition=__consumer_offsets-33, dir=/home/ruhul/real_time_etl/data/broker-2] Loading producer state till offset 0 with message format version 2 (kafka.log.Log)
[2024-07-13 23:32:42,819] INFO Created log for partition __consumer_offsets-33 in /home/ruhul/real_time_etl/data/broker-2/__consumer_offsets-33 with properties {cleanup.policy=compact, compression.type="producer", segment.bytes=104857600} (kafka.log.LogManager)
[2024-07-13 23:32:42,819] INFO [Partition __consumer_offsets-33 broker=2] No checkpointed highwatermark is found for partition __consumer_offsets-33 (kafka.cluster.Partition)
[2024-07-13 23:32:42,820] INFO [Partition __consumer_offsets-33 broker=2] Log loaded for partition __consumer_offsets-33 with initial high watermark 0 (kafka.cluster.Partition)
[2024-07-13 23:32:43,005] INFO [Log partition=__consumer_offsets-48, dir=/home/ruhul/real_time_etl/data/broker-2] Loading producer state till offset 0 with message format version 2 (kafka.log.Log)
[2024-07-13 23:32:43,009] INFO Created log for partition __consumer_offsets-48 in /home/ruhul/real_time_etl/data/broker-2/__consumer_offsets-48 with properties {cleanup.policy=compact, compression.type="producer", segment.bytes=104857600} (kafka.log.LogManager)
[2024-07-13 23:32:43,010] INFO [Partition __consumer_offsets-48 broker=2] No checkpointed highwatermark is found for partition __consumer_offsets-48 (kafka.cluster.Partition)
[2024-07-13 23:32:43,011] INFO [Partition __consumer_offsets-48 broker=2] Log loaded for partition __consumer_offsets-48 with initial high watermark 0 (kafka.cluster.Partition)
[2024-07-13 23:32:43,390] INFO [Log partition=__consumer_offsets-21, dir=/home/ruhul/real_time_etl/data/broker-2] Loading producer state till offset 0 with message format version 2 (kafka.log.Log)
[2024-07-13 23:32:43,392] INFO Created log for partition __consumer_offsets-21 in /home/ruhul/real_time_etl/data/broker-2/__consumer_offsets-21 with properties {cleanup.policy=compact, compression.type="producer", segment.bytes=104857600} (kafka.log.LogManager)
[2024-07-13 23:32:43,393] INFO [Partition __consumer_offsets-21 broker=2] No checkpointed highwatermark is found for partition __consumer_offsets-21 (kafka.cluster.Partition)
[2024-07-13 23:32:43,393] INFO [Partition __consumer_offsets-21 broker=2] Log loaded for partition __consumer_offsets-21 with initial high watermark 0 (kafka.cluster.Partition)
[2024-07-13 23:32:43,756] INFO [Log partition=__consumer_offsets-36, dir=/home/ruhul/real_time_etl/data/broker-2] Loading producer state till offset 0 with message format version 2 (kafka.log.Log)
[2024-07-13 23:32:43,759] INFO Created log for partition __consumer_offsets-36 in /home/ruhul/real_time_etl/data/broker-2/__consumer_offsets-36 with properties {cleanup.policy=compact, compression.type="producer", segment.bytes=104857600} (kafka.log.LogManager)
[2024-07-13 23:32:43,759] INFO [Partition __consumer_offsets-36 broker=2] No checkpointed highwatermark is found for partition __consumer_offsets-36 (kafka.cluster.Partition)
[2024-07-13 23:32:43,759] INFO [Partition __consumer_offsets-36 broker=2] Log loaded for partition __consumer_offsets-36 with initial high watermark 0 (kafka.cluster.Partition)
[2024-07-13 23:32:44,112] INFO [Log partition=__consumer_offsets-6, dir=/home/ruhul/real_time_etl/data/broker-2] Loading producer state till offset 0 with message format version 2 (kafka.log.Log)
[2024-07-13 23:32:44,117] INFO Created log for partition __consumer_offsets-6 in /home/ruhul/real_time_etl/data/broker-2/__consumer_offsets-6 with properties {cleanup.policy=compact, compression.type="producer", segment.bytes=104857600} (kafka.log.LogManager)
[2024-07-13 23:32:44,118] INFO [Partition __consumer_offsets-6 broker=2] No checkpointed highwatermark is found for partition __consumer_offsets-6 (kafka.cluster.Partition)
[2024-07-13 23:32:44,118] INFO [Partition __consumer_offsets-6 broker=2] Log loaded for partition __consumer_offsets-6 with initial high watermark 0 (kafka.cluster.Partition)
[2024-07-13 23:32:44,378] INFO [Log partition=__consumer_offsets-45, dir=/home/ruhul/real_time_etl/data/broker-2] Loading producer state till offset 0 with message format version 2 (kafka.log.Log)
[2024-07-13 23:32:44,388] INFO Created log for partition __consumer_offsets-45 in /home/ruhul/real_time_etl/data/broker-2/__consumer_offsets-45 with properties {cleanup.policy=compact, compression.type="producer", segment.bytes=104857600} (kafka.log.LogManager)
[2024-07-13 23:32:44,388] INFO [Partition __consumer_offsets-45 broker=2] No checkpointed highwatermark is found for partition __consumer_offsets-45 (kafka.cluster.Partition)
[2024-07-13 23:32:44,389] INFO [Partition __consumer_offsets-45 broker=2] Log loaded for partition __consumer_offsets-45 with initial high watermark 0 (kafka.cluster.Partition)
[2024-07-13 23:32:44,709] INFO [Log partition=__consumer_offsets-15, dir=/home/ruhul/real_time_etl/data/broker-2] Loading producer state till offset 0 with message format version 2 (kafka.log.Log)
[2024-07-13 23:32:44,711] INFO Created log for partition __consumer_offsets-15 in /home/ruhul/real_time_etl/data/broker-2/__consumer_offsets-15 with properties {cleanup.policy=compact, compression.type="producer", segment.bytes=104857600} (kafka.log.LogManager)
[2024-07-13 23:32:44,712] INFO [Partition __consumer_offsets-15 broker=2] No checkpointed highwatermark is found for partition __consumer_offsets-15 (kafka.cluster.Partition)
[2024-07-13 23:32:44,712] INFO [Partition __consumer_offsets-15 broker=2] Log loaded for partition __consumer_offsets-15 with initial high watermark 0 (kafka.cluster.Partition)
[2024-07-13 23:32:45,076] INFO [Log partition=__consumer_offsets-30, dir=/home/ruhul/real_time_etl/data/broker-2] Loading producer state till offset 0 with message format version 2 (kafka.log.Log)
[2024-07-13 23:32:45,078] INFO Created log for partition __consumer_offsets-30 in /home/ruhul/real_time_etl/data/broker-2/__consumer_offsets-30 with properties {cleanup.policy=compact, compression.type="producer", segment.bytes=104857600} (kafka.log.LogManager)
[2024-07-13 23:32:45,079] INFO [Partition __consumer_offsets-30 broker=2] No checkpointed highwatermark is found for partition __consumer_offsets-30 (kafka.cluster.Partition)
[2024-07-13 23:32:45,079] INFO [Partition __consumer_offsets-30 broker=2] Log loaded for partition __consumer_offsets-30 with initial high watermark 0 (kafka.cluster.Partition)
[2024-07-13 23:32:45,262] INFO [Log partition=__consumer_offsets-0, dir=/home/ruhul/real_time_etl/data/broker-2] Loading producer state till offset 0 with message format version 2 (kafka.log.Log)
[2024-07-13 23:32:45,276] INFO Created log for partition __consumer_offsets-0 in /home/ruhul/real_time_etl/data/broker-2/__consumer_offsets-0 with properties {cleanup.policy=compact, compression.type="producer", segment.bytes=104857600} (kafka.log.LogManager)
[2024-07-13 23:32:45,277] INFO [Partition __consumer_offsets-0 broker=2] No checkpointed highwatermark is found for partition __consumer_offsets-0 (kafka.cluster.Partition)
[2024-07-13 23:32:45,278] INFO [Partition __consumer_offsets-0 broker=2] Log loaded for partition __consumer_offsets-0 with initial high watermark 0 (kafka.cluster.Partition)
[2024-07-13 23:32:45,711] INFO [GroupCoordinator 2]: Elected as the group coordinator for partition 3 in epoch 0 (kafka.coordinator.group.GroupCoordinator)
[2024-07-13 23:32:45,719] INFO [GroupMetadataManager brokerId=2] Scheduling loading of offsets and group metadata from __consumer_offsets-3 for epoch 0 (kafka.coordinator.group.GroupMetadataManager)
[2024-07-13 23:32:45,737] INFO [GroupCoordinator 2]: Elected as the group coordinator for partition 18 in epoch 0 (kafka.coordinator.group.GroupCoordinator)
[2024-07-13 23:32:45,738] INFO [GroupMetadataManager brokerId=2] Scheduling loading of offsets and group metadata from __consumer_offsets-18 for epoch 0 (kafka.coordinator.group.GroupMetadataManager)
[2024-07-13 23:32:45,738] INFO [GroupCoordinator 2]: Elected as the group coordinator for partition 39 in epoch 0 (kafka.coordinator.group.GroupCoordinator)
[2024-07-13 23:32:45,738] INFO [GroupMetadataManager brokerId=2] Scheduling loading of offsets and group metadata from __consumer_offsets-39 for epoch 0 (kafka.coordinator.group.GroupMetadataManager)
[2024-07-13 23:32:45,739] INFO [GroupCoordinator 2]: Elected as the group coordinator for partition 9 in epoch 0 (kafka.coordinator.group.GroupCoordinator)
[2024-07-13 23:32:45,739] INFO [GroupMetadataManager brokerId=2] Scheduling loading of offsets and group metadata from __consumer_offsets-9 for epoch 0 (kafka.coordinator.group.GroupMetadataManager)
[2024-07-13 23:32:45,739] INFO [GroupCoordinator 2]: Elected as the group coordinator for partition 24 in epoch 0 (kafka.coordinator.group.GroupCoordinator)
[2024-07-13 23:32:45,739] INFO [GroupMetadataManager brokerId=2] Scheduling loading of offsets and group metadata from __consumer_offsets-24 for epoch 0 (kafka.coordinator.group.GroupMetadataManager)
[2024-07-13 23:32:45,739] INFO [GroupCoordinator 2]: Elected as the group coordinator for partition 27 in epoch 0 (kafka.coordinator.group.GroupCoordinator)
[2024-07-13 23:32:45,740] INFO [GroupMetadataManager brokerId=2] Scheduling loading of offsets and group metadata from __consumer_offsets-27 for epoch 0 (kafka.coordinator.group.GroupMetadataManager)
[2024-07-13 23:32:45,740] INFO [GroupCoordinator 2]: Elected as the group coordinator for partition 42 in epoch 0 (kafka.coordinator.group.GroupCoordinator)
[2024-07-13 23:32:45,740] INFO [GroupMetadataManager brokerId=2] Scheduling loading of offsets and group metadata from __consumer_offsets-42 for epoch 0 (kafka.coordinator.group.GroupMetadataManager)
[2024-07-13 23:32:45,740] INFO [GroupCoordinator 2]: Elected as the group coordinator for partition 12 in epoch 0 (kafka.coordinator.group.GroupCoordinator)
[2024-07-13 23:32:45,740] INFO [GroupMetadataManager brokerId=2] Scheduling loading of offsets and group metadata from __consumer_offsets-12 for epoch 0 (kafka.coordinator.group.GroupMetadataManager)
[2024-07-13 23:32:45,741] INFO [GroupCoordinator 2]: Elected as the group coordinator for partition 33 in epoch 0 (kafka.coordinator.group.GroupCoordinator)
[2024-07-13 23:32:45,741] INFO [GroupMetadataManager brokerId=2] Scheduling loading of offsets and group metadata from __consumer_offsets-33 for epoch 0 (kafka.coordinator.group.GroupMetadataManager)
[2024-07-13 23:32:45,741] INFO [GroupCoordinator 2]: Elected as the group coordinator for partition 48 in epoch 0 (kafka.coordinator.group.GroupCoordinator)
[2024-07-13 23:32:45,741] INFO [GroupMetadataManager brokerId=2] Scheduling loading of offsets and group metadata from __consumer_offsets-48 for epoch 0 (kafka.coordinator.group.GroupMetadataManager)
[2024-07-13 23:32:45,741] INFO [GroupCoordinator 2]: Elected as the group coordinator for partition 21 in epoch 0 (kafka.coordinator.group.GroupCoordinator)
[2024-07-13 23:32:45,742] INFO [GroupMetadataManager brokerId=2] Scheduling loading of offsets and group metadata from __consumer_offsets-21 for epoch 0 (kafka.coordinator.group.GroupMetadataManager)
[2024-07-13 23:32:45,742] INFO [GroupCoordinator 2]: Elected as the group coordinator for partition 36 in epoch 0 (kafka.coordinator.group.GroupCoordinator)
[2024-07-13 23:32:45,742] INFO [GroupMetadataManager brokerId=2] Scheduling loading of offsets and group metadata from __consumer_offsets-36 for epoch 0 (kafka.coordinator.group.GroupMetadataManager)
[2024-07-13 23:32:45,742] INFO [GroupCoordinator 2]: Elected as the group coordinator for partition 6 in epoch 0 (kafka.coordinator.group.GroupCoordinator)
[2024-07-13 23:32:45,743] INFO [GroupMetadataManager brokerId=2] Scheduling loading of offsets and group metadata from __consumer_offsets-6 for epoch 0 (kafka.coordinator.group.GroupMetadataManager)
[2024-07-13 23:32:45,743] INFO [GroupCoordinator 2]: Elected as the group coordinator for partition 45 in epoch 0 (kafka.coordinator.group.GroupCoordinator)
[2024-07-13 23:32:45,743] INFO [GroupMetadataManager brokerId=2] Scheduling loading of offsets and group metadata from __consumer_offsets-45 for epoch 0 (kafka.coordinator.group.GroupMetadataManager)
[2024-07-13 23:32:45,744] INFO [GroupCoordinator 2]: Elected as the group coordinator for partition 15 in epoch 0 (kafka.coordinator.group.GroupCoordinator)
[2024-07-13 23:32:45,744] INFO [GroupMetadataManager brokerId=2] Scheduling loading of offsets and group metadata from __consumer_offsets-15 for epoch 0 (kafka.coordinator.group.GroupMetadataManager)
[2024-07-13 23:32:45,745] INFO [GroupCoordinator 2]: Elected as the group coordinator for partition 30 in epoch 0 (kafka.coordinator.group.GroupCoordinator)
[2024-07-13 23:32:45,745] INFO [GroupMetadataManager brokerId=2] Scheduling loading of offsets and group metadata from __consumer_offsets-30 for epoch 0 (kafka.coordinator.group.GroupMetadataManager)
[2024-07-13 23:32:45,746] INFO [GroupCoordinator 2]: Elected as the group coordinator for partition 0 in epoch 0 (kafka.coordinator.group.GroupCoordinator)
[2024-07-13 23:32:45,746] INFO [GroupMetadataManager brokerId=2] Scheduling loading of offsets and group metadata from __consumer_offsets-0 for epoch 0 (kafka.coordinator.group.GroupMetadataManager)
[2024-07-13 23:32:45,773] INFO [GroupMetadataManager brokerId=2] Finished loading offsets and group metadata from __consumer_offsets-3 in 49 milliseconds for epoch 0, of which 13 milliseconds was spent in the scheduler. (kafka.coordinator.group.GroupMetadataManager)
[2024-07-13 23:32:45,776] INFO [GroupMetadataManager brokerId=2] Finished loading offsets and group metadata from __consumer_offsets-18 in 38 milliseconds for epoch 0, of which 38 milliseconds was spent in the scheduler. (kafka.coordinator.group.GroupMetadataManager)
[2024-07-13 23:32:45,778] INFO [GroupMetadataManager brokerId=2] Finished loading offsets and group metadata from __consumer_offsets-39 in 40 milliseconds for epoch 0, of which 39 milliseconds was spent in the scheduler. (kafka.coordinator.group.GroupMetadataManager)
[2024-07-13 23:32:45,779] INFO [GroupMetadataManager brokerId=2] Finished loading offsets and group metadata from __consumer_offsets-9 in 40 milliseconds for epoch 0, of which 40 milliseconds was spent in the scheduler. (kafka.coordinator.group.GroupMetadataManager)
[2024-07-13 23:32:45,781] INFO [GroupMetadataManager brokerId=2] Finished loading offsets and group metadata from __consumer_offsets-24 in 42 milliseconds for epoch 0, of which 41 milliseconds was spent in the scheduler. (kafka.coordinator.group.GroupMetadataManager)
[2024-07-13 23:32:45,782] INFO [GroupMetadataManager brokerId=2] Finished loading offsets and group metadata from __consumer_offsets-27 in 42 milliseconds for epoch 0, of which 42 milliseconds was spent in the scheduler. (kafka.coordinator.group.GroupMetadataManager)
[2024-07-13 23:32:45,784] INFO [GroupMetadataManager brokerId=2] Finished loading offsets and group metadata from __consumer_offsets-42 in 44 milliseconds for epoch 0, of which 43 milliseconds was spent in the scheduler. (kafka.coordinator.group.GroupMetadataManager)
[2024-07-13 23:32:45,785] INFO [GroupMetadataManager brokerId=2] Finished loading offsets and group metadata from __consumer_offsets-12 in 44 milliseconds for epoch 0, of which 43 milliseconds was spent in the scheduler. (kafka.coordinator.group.GroupMetadataManager)
[2024-07-13 23:32:45,786] INFO [GroupMetadataManager brokerId=2] Finished loading offsets and group metadata from __consumer_offsets-33 in 45 milliseconds for epoch 0, of which 45 milliseconds was spent in the scheduler. (kafka.coordinator.group.GroupMetadataManager)
[2024-07-13 23:32:45,787] INFO [GroupMetadataManager brokerId=2] Finished loading offsets and group metadata from __consumer_offsets-48 in 46 milliseconds for epoch 0, of which 46 milliseconds was spent in the scheduler. (kafka.coordinator.group.GroupMetadataManager)
[2024-07-13 23:32:45,788] INFO [GroupMetadataManager brokerId=2] Finished loading offsets and group metadata from __consumer_offsets-21 in 46 milliseconds for epoch 0, of which 46 milliseconds was spent in the scheduler. (kafka.coordinator.group.GroupMetadataManager)
[2024-07-13 23:32:45,790] INFO [GroupMetadataManager brokerId=2] Finished loading offsets and group metadata from __consumer_offsets-36 in 48 milliseconds for epoch 0, of which 47 milliseconds was spent in the scheduler. (kafka.coordinator.group.GroupMetadataManager)
[2024-07-13 23:32:45,791] INFO [GroupMetadataManager brokerId=2] Finished loading offsets and group metadata from __consumer_offsets-6 in 48 milliseconds for epoch 0, of which 48 milliseconds was spent in the scheduler. (kafka.coordinator.group.GroupMetadataManager)
[2024-07-13 23:32:45,792] INFO [GroupMetadataManager brokerId=2] Finished loading offsets and group metadata from __consumer_offsets-45 in 48 milliseconds for epoch 0, of which 48 milliseconds was spent in the scheduler. (kafka.coordinator.group.GroupMetadataManager)
[2024-07-13 23:32:45,794] INFO [GroupMetadataManager brokerId=2] Finished loading offsets and group metadata from __consumer_offsets-15 in 50 milliseconds for epoch 0, of which 49 milliseconds was spent in the scheduler. (kafka.coordinator.group.GroupMetadataManager)
[2024-07-13 23:32:45,795] INFO [GroupMetadataManager brokerId=2] Finished loading offsets and group metadata from __consumer_offsets-30 in 49 milliseconds for epoch 0, of which 49 milliseconds was spent in the scheduler. (kafka.coordinator.group.GroupMetadataManager)
[2024-07-13 23:32:45,796] INFO [GroupMetadataManager brokerId=2] Finished loading offsets and group metadata from __consumer_offsets-0 in 50 milliseconds for epoch 0, of which 49 milliseconds was spent in the scheduler. (kafka.coordinator.group.GroupMetadataManager)
[2024-07-13 23:32:45,887] INFO [GroupCoordinator 2]: Preparing to rebalance group console-consumer-7698 in state PreparingRebalance with old generation 0 (__consumer_offsets-39) (reason: Adding new member consumer-console-consumer-7698-1-f6423025-3eff-4c43-a99d-99dfdb649d93 with group instance id None) (kafka.coordinator.group.GroupCoordinator)
[2024-07-13 23:32:45,926] INFO [GroupCoordinator 2]: Stabilized group console-consumer-7698 generation 1 (__consumer_offsets-39) with 1 members (kafka.coordinator.group.GroupCoordinator)
[2024-07-13 23:32:45,984] INFO [GroupCoordinator 2]: Assignment received from leader for group console-consumer-7698 for generation 1. The group has 1 members, 0 of which are static. (kafka.coordinator.group.GroupCoordinator)
