[2024-07-13 22:02:03,197] INFO [Controller id=0 epoch=1] Sending UpdateMetadata request to brokers HashSet(0) for 0 partitions (state.change.logger)
[2024-07-13 22:07:36,144] INFO [Controller id=0 epoch=1] Sending UpdateMetadata request to brokers HashSet(0) for 0 partitions (state.change.logger)
[2024-07-13 22:07:36,154] INFO [Controller id=0 epoch=1] Sending UpdateMetadata request to brokers HashSet(1) for 0 partitions (state.change.logger)
[2024-07-13 22:09:51,334] INFO [Controller id=0 epoch=1] Sending UpdateMetadata request to brokers HashSet(0, 1) for 0 partitions (state.change.logger)
[2024-07-13 22:09:51,336] INFO [Controller id=0 epoch=1] Sending UpdateMetadata request to brokers HashSet(2) for 0 partitions (state.change.logger)
[2024-07-13 22:26:33,961] INFO [Controller id=0 epoch=1] Changed partition first-topic-0 state from NonExistentPartition to NewPartition with assigned replicas 2,1,0 (state.change.logger)
[2024-07-13 22:26:33,962] INFO [Controller id=0 epoch=1] Changed partition first-topic-1 state from NonExistentPartition to NewPartition with assigned replicas 0,2,1 (state.change.logger)
[2024-07-13 22:26:33,963] INFO [Controller id=0 epoch=1] Sending UpdateMetadata request to brokers HashSet() for 0 partitions (state.change.logger)
[2024-07-13 22:26:33,975] INFO [Controller id=0 epoch=1] Sending UpdateMetadata request to brokers HashSet() for 0 partitions (state.change.logger)
[2024-07-13 22:26:34,297] INFO [Controller id=0 epoch=1] Changed partition first-topic-0 from NewPartition to OnlinePartition with state LeaderAndIsr(leader=2, leaderEpoch=0, isr=List(2, 1, 0), zkVersion=0) (state.change.logger)
[2024-07-13 22:26:34,297] INFO [Controller id=0 epoch=1] Changed partition first-topic-1 from NewPartition to OnlinePartition with state LeaderAndIsr(leader=0, leaderEpoch=0, isr=List(0, 2, 1), zkVersion=0) (state.change.logger)
[2024-07-13 22:26:34,304] INFO [Controller id=0 epoch=1] Sending LeaderAndIsr request to broker 0 with 1 become-leader and 1 become-follower partitions (state.change.logger)
[2024-07-13 22:26:34,310] INFO [Controller id=0 epoch=1] Sending LeaderAndIsr request to broker 1 with 0 become-leader and 2 become-follower partitions (state.change.logger)
[2024-07-13 22:26:34,311] INFO [Controller id=0 epoch=1] Sending LeaderAndIsr request to broker 2 with 1 become-leader and 1 become-follower partitions (state.change.logger)
[2024-07-13 22:26:34,312] INFO [Controller id=0 epoch=1] Sending UpdateMetadata request to brokers HashSet(0, 1, 2) for 2 partitions (state.change.logger)
[2024-07-13 22:26:34,317] INFO [Controller id=0 epoch=1] Sending UpdateMetadata request to brokers HashSet() for 0 partitions (state.change.logger)
[2024-07-13 22:26:34,350] INFO [Broker id=0] Handling LeaderAndIsr request correlationId 3 from controller 0 for 2 partitions (state.change.logger)
[2024-07-13 22:26:34,351] INFO [Broker id=1] Handling LeaderAndIsr request correlationId 2 from controller 0 for 2 partitions (state.change.logger)
[2024-07-13 22:26:34,394] INFO [Broker id=2] Handling LeaderAndIsr request correlationId 1 from controller 0 for 2 partitions (state.change.logger)
[2024-07-13 22:26:34,489] INFO [Broker id=0] Stopped fetchers as part of LeaderAndIsr request correlationId 3 from controller 0 epoch 1 as part of the become-leader transition for 1 partitions (state.change.logger)
[2024-07-13 22:26:34,571] INFO [Broker id=2] Stopped fetchers as part of LeaderAndIsr request correlationId 1 from controller 0 epoch 1 as part of the become-leader transition for 1 partitions (state.change.logger)
[2024-07-13 22:26:34,986] INFO [Broker id=2] Leader first-topic-0 starts at leader epoch 0 from offset 0 with high watermark 0 ISR [2,1,0] addingReplicas [] removingReplicas []. Previous leader epoch was -1. (state.change.logger)
[2024-07-13 22:26:35,010] INFO [Broker id=1] Follower first-topic-1 starts at leader epoch 0 from offset 0 with high watermark 0. Previous leader epoch was -1. (state.change.logger)
[2024-07-13 22:26:35,045] INFO [Broker id=1] Follower first-topic-0 starts at leader epoch 0 from offset 0 with high watermark 0. Previous leader epoch was -1. (state.change.logger)
[2024-07-13 22:26:35,062] INFO [Broker id=1] Stopped fetchers as part of become-follower request from controller 0 epoch 1 with correlation id 2 for 2 partitions (state.change.logger)
[2024-07-13 22:26:35,071] INFO [Broker id=0] Leader first-topic-1 starts at leader epoch 0 from offset 0 with high watermark 0 ISR [0,2,1] addingReplicas [] removingReplicas []. Previous leader epoch was -1. (state.change.logger)
[2024-07-13 22:26:35,266] INFO [Broker id=2] Follower first-topic-1 starts at leader epoch 0 from offset 0 with high watermark 0. Previous leader epoch was -1. (state.change.logger)
[2024-07-13 22:26:35,288] INFO [Broker id=2] Stopped fetchers as part of become-follower request from controller 0 epoch 1 with correlation id 1 for 1 partitions (state.change.logger)
[2024-07-13 22:26:35,339] INFO [Broker id=0] Follower first-topic-0 starts at leader epoch 0 from offset 0 with high watermark 0. Previous leader epoch was -1. (state.change.logger)
[2024-07-13 22:26:35,351] INFO [Broker id=0] Stopped fetchers as part of become-follower request from controller 0 epoch 1 with correlation id 3 for 1 partitions (state.change.logger)
[2024-07-13 22:26:35,463] INFO [Broker id=1] Finished LeaderAndIsr request in 1118ms correlationId 2 from controller 0 for 2 partitions (state.change.logger)
[2024-07-13 22:26:35,575] INFO [Broker id=1] Add 2 partitions and deleted 0 partitions from metadata cache in response to UpdateMetadata request sent by controller 0 epoch 1 with correlation id 3 (state.change.logger)
[2024-07-13 22:26:35,750] INFO [Broker id=0] Finished LeaderAndIsr request in 1406ms correlationId 3 from controller 0 for 2 partitions (state.change.logger)
[2024-07-13 22:26:35,855] INFO [Broker id=0] Add 2 partitions and deleted 0 partitions from metadata cache in response to UpdateMetadata request sent by controller 0 epoch 1 with correlation id 4 (state.change.logger)
[2024-07-13 22:26:35,866] INFO [Broker id=2] Finished LeaderAndIsr request in 1505ms correlationId 1 from controller 0 for 2 partitions (state.change.logger)
[2024-07-13 22:26:36,041] INFO [Broker id=2] Add 2 partitions and deleted 0 partitions from metadata cache in response to UpdateMetadata request sent by controller 0 epoch 1 with correlation id 2 (state.change.logger)
